2018-06-16 11:14:39.971  INFO 7448 --- [main] com.plzt.onenet.main.Starter             : Starting Starter v0.0.1-SNAPSHOT on PC-201305031918 with PID 7448 (E:\STS-WorkSpace-Wong\plzt-onenet\target\plzt-onenet-0.0.1-SNAPSHOT.jar started by Administrator in E:\STS-WorkSpace-Wong\plzt-onenet\target)
2018-06-16 11:14:39.982  INFO 7448 --- [main] com.plzt.onenet.main.Starter             : No active profile set, falling back to default profiles: default
2018-06-16 11:14:41.165  INFO 7448 --- [main] ationConfigEmbeddedWebApplicationContext : Refreshing org.springframework.boot.context.embedded.AnnotationConfigEmbeddedWebApplicationContext@ea30797: startup date [Sat Jun 16 11:14:41 CST 2018]; root of context hierarchy
2018-06-16 11:14:46.197  INFO 7448 --- [main] s.b.c.e.t.TomcatEmbeddedServletContainer : Tomcat initialized with port(s): 8080 (http)
2018-06-16 11:14:46.284  INFO 7448 --- [main] o.apache.catalina.core.StandardService   : Starting service [Tomcat]
2018-06-16 11:14:46.285  INFO 7448 --- [main] org.apache.catalina.core.StandardEngine  : Starting Servlet Engine: Apache Tomcat/8.5.31
2018-06-16 11:14:46.548  INFO 7448 --- [localhost-startStop-1] o.a.c.c.C.[Tomcat].[localhost].[/]       : Initializing Spring embedded WebApplicationContext
2018-06-16 11:14:46.549  INFO 7448 --- [localhost-startStop-1] o.s.web.context.ContextLoader            : Root WebApplicationContext: initialization completed in 5389 ms
2018-06-16 11:14:46.922  INFO 7448 --- [localhost-startStop-1] o.s.b.w.servlet.ServletRegistrationBean  : Mapping servlet: 'dispatcherServlet' to [/]
2018-06-16 11:14:46.930  INFO 7448 --- [localhost-startStop-1] o.s.b.w.servlet.FilterRegistrationBean   : Mapping filter: 'characterEncodingFilter' to: [/*]
2018-06-16 11:14:46.932  INFO 7448 --- [localhost-startStop-1] o.s.b.w.servlet.FilterRegistrationBean   : Mapping filter: 'hiddenHttpMethodFilter' to: [/*]
2018-06-16 11:14:46.933  INFO 7448 --- [localhost-startStop-1] o.s.b.w.servlet.FilterRegistrationBean   : Mapping filter: 'httpPutFormContentFilter' to: [/*]
2018-06-16 11:14:46.935  INFO 7448 --- [localhost-startStop-1] o.s.b.w.servlet.FilterRegistrationBean   : Mapping filter: 'requestContextFilter' to: [/*]
2018-06-16 11:14:53.150  INFO 7448 --- [main] org.mongodb.driver.cluster               : Cluster created with settings {hosts=[localhost:27017], mode=SINGLE, requiredClusterType=UNKNOWN, serverSelectionTimeout='30000 ms', maxWaitQueueSize=500}
2018-06-16 11:14:53.379  INFO 7448 --- [cluster-ClusterId{value='5b2480adce97b21d18698e83', description='null'}-localhost:27017] org.mongodb.driver.connection            : Opened connection [connectionId{localValue:1, serverValue:78}] to localhost:27017
2018-06-16 11:14:53.385  INFO 7448 --- [cluster-ClusterId{value='5b2480adce97b21d18698e83', description='null'}-localhost:27017] org.mongodb.driver.cluster               : Monitor thread successfully connected to server with description ServerDescription{address=localhost:27017, type=STANDALONE, state=CONNECTED, ok=true, version=ServerVersion{versionList=[3, 4, 7]}, minWireVersion=0, maxWireVersion=5, maxDocumentSize=16777216, roundTripTimeNanos=1307414}
2018-06-16 11:14:54.832  INFO 7448 --- [main] s.w.s.m.m.a.RequestMappingHandlerAdapter : Looking for @ControllerAdvice: org.springframework.boot.context.embedded.AnnotationConfigEmbeddedWebApplicationContext@ea30797: startup date [Sat Jun 16 11:14:41 CST 2018]; root of context hierarchy
2018-06-16 11:14:55.117  INFO 7448 --- [main] s.w.s.m.m.a.RequestMappingHandlerMapping : Mapped "{[/main/index]}" onto public java.lang.String com.plzt.onenet.main.controller.admin.MainController.index()
2018-06-16 11:14:55.120  INFO 7448 --- [main] s.w.s.m.m.a.RequestMappingHandlerMapping : Mapped "{[/main/list]}" onto public com.plzt.onenet.main.commmon.ResultEntity com.plzt.onenet.main.controller.admin.MainController.list(java.lang.Integer,java.lang.String,java.lang.String,java.lang.String)
2018-06-16 11:14:55.122  INFO 7448 --- [main] s.w.s.m.m.a.RequestMappingHandlerMapping : Mapped "{[/main/bind]}" onto public java.lang.String com.plzt.onenet.main.controller.admin.MainController.bind()
2018-06-16 11:14:55.124  INFO 7448 --- [main] s.w.s.m.m.a.RequestMappingHandlerMapping : Mapped "{[/main/bind/list]}" onto public com.plzt.onenet.main.commmon.ResultEntity com.plzt.onenet.main.controller.admin.MainController.bindList(java.lang.Integer)
2018-06-16 11:14:55.127  INFO 7448 --- [main] s.w.s.m.m.a.RequestMappingHandlerMapping : Mapped "{[/index]}" onto public java.lang.String com.plzt.onenet.main.controller.admin.SystemController.index()
2018-06-16 11:14:55.130  INFO 7448 --- [main] s.w.s.m.m.a.RequestMappingHandlerMapping : Mapped "{[/]}" onto public java.lang.String com.plzt.onenet.main.controller.admin.SystemController.root()
2018-06-16 11:14:55.131  INFO 7448 --- [main] s.w.s.m.m.a.RequestMappingHandlerMapping : Mapped "{[/login]}" onto public java.lang.String com.plzt.onenet.main.controller.admin.SystemController.login(java.lang.String,java.lang.String,java.util.Map<java.lang.String, java.lang.String>,javax.servlet.http.HttpSession)
2018-06-16 11:14:55.133  INFO 7448 --- [main] s.w.s.m.m.a.RequestMappingHandlerMapping : Mapped "{[/main/logout]}" onto public java.lang.String com.plzt.onenet.main.controller.admin.SystemController.logout(javax.servlet.http.HttpSession)
2018-06-16 11:14:55.150  INFO 7448 --- [main] s.w.s.m.m.a.RequestMappingHandlerMapping : Mapped "{[/api/device/status],methods=[GET]}" onto public com.plzt.onenet.main.commmon.ResultMsg com.plzt.onenet.main.controller.api.DeviceController.status(java.lang.String,java.lang.String)
2018-06-16 11:14:55.152  INFO 7448 --- [main] s.w.s.m.m.a.RequestMappingHandlerMapping : Mapped "{[/api/device/alert],methods=[POST]}" onto public com.plzt.onenet.main.commmon.ResultMsg com.plzt.onenet.main.controller.api.DeviceController.alert(java.lang.String)
2018-06-16 11:14:55.154  INFO 7448 --- [main] s.w.s.m.m.a.RequestMappingHandlerMapping : Mapped "{[/api/device/bind/remove],methods=[POST]}" onto public com.plzt.onenet.main.commmon.ResultMsg com.plzt.onenet.main.controller.api.DeviceController.removeBind(java.lang.String,java.lang.String)
2018-06-16 11:14:55.163  INFO 7448 --- [main] s.w.s.m.m.a.RequestMappingHandlerMapping : Mapped "{[/api/device/smoke],methods=[POST]}" onto public com.plzt.onenet.main.commmon.ResultMsg com.plzt.onenet.main.controller.api.DeviceController.smoke(java.lang.String,java.lang.String)
2018-06-16 11:14:55.165  INFO 7448 --- [main] s.w.s.m.m.a.RequestMappingHandlerMapping : Mapped "{[/api/device/bind],methods=[POST]}" onto public com.plzt.onenet.main.commmon.ResultMsg com.plzt.onenet.main.controller.api.DeviceController.bindDevice(java.lang.String,java.lang.String)
2018-06-16 11:14:55.171  INFO 7448 --- [main] s.w.s.m.m.a.RequestMappingHandlerMapping : Mapped "{[/error]}" onto public org.springframework.http.ResponseEntity<java.util.Map<java.lang.String, java.lang.Object>> org.springframework.boot.autoconfigure.web.BasicErrorController.error(javax.servlet.http.HttpServletRequest)
2018-06-16 11:14:55.173  INFO 7448 --- [main] s.w.s.m.m.a.RequestMappingHandlerMapping : Mapped "{[/error],produces=[text/html]}" onto public org.springframework.web.servlet.ModelAndView org.springframework.boot.autoconfigure.web.BasicErrorController.errorHtml(javax.servlet.http.HttpServletRequest,javax.servlet.http.HttpServletResponse)
2018-06-16 11:14:55.260  INFO 7448 --- [main] o.s.w.s.handler.SimpleUrlHandlerMapping  : Mapped URL path [/webjars/**] onto handler of type [class org.springframework.web.servlet.resource.ResourceHttpRequestHandler]
2018-06-16 11:14:55.264  INFO 7448 --- [main] o.s.w.s.handler.SimpleUrlHandlerMapping  : Mapped URL path [/**] onto handler of type [class org.springframework.web.servlet.resource.ResourceHttpRequestHandler]
2018-06-16 11:14:55.413  INFO 7448 --- [main] o.s.w.s.handler.SimpleUrlHandlerMapping  : Mapped URL path [/**/favicon.ico] onto handler of type [class org.springframework.web.servlet.resource.ResourceHttpRequestHandler]
2018-06-16 11:14:56.242  INFO 7448 --- [main] o.s.j.e.a.AnnotationMBeanExporter        : Registering beans for JMX exposure on startup
2018-06-16 11:14:56.276  INFO 7448 --- [main] s.a.ScheduledAnnotationBeanPostProcessor : No TaskScheduler/ScheduledExecutorService bean found for scheduled processing
2018-06-16 11:14:56.299  INFO 7448 --- [pool-1-thread-1] com.plzt.onenet.main.commmon.AlertTask   : 未开启上报
2018-06-16 11:14:56.376  INFO 7448 --- [main] s.b.c.e.t.TomcatEmbeddedServletContainer : Tomcat started on port(s): 8080 (http)
2018-06-16 11:14:56.393  INFO 7448 --- [main] com.plzt.onenet.main.Starter             : Started Starter in 17.534 seconds (JVM running for 18.609)
2018-06-16 11:14:56.999  INFO 7448 --- [http-nio-8080-exec-4] o.a.c.c.C.[Tomcat].[localhost].[/]       : Initializing Spring FrameworkServlet 'dispatcherServlet'
2018-06-16 11:14:57.000  INFO 7448 --- [http-nio-8080-exec-4] o.s.web.servlet.DispatcherServlet        : FrameworkServlet 'dispatcherServlet': initialization started
2018-06-16 11:14:57.060  INFO 7448 --- [http-nio-8080-exec-4] o.s.web.servlet.DispatcherServlet        : FrameworkServlet 'dispatcherServlet': initialization completed in 59 ms
2018-06-16 11:14:59.867  INFO 7448 --- [http-nio-8080-exec-4] org.mongodb.driver.connection            : Opened connection [connectionId{localValue:2, serverValue:79}] to localhost:27017
2018-06-16 11:15:01.018  INFO 7448 --- [http-nio-8080-exec-5] c.p.o.m.service.impl.DeviceServiceImpl   : 获取到数据:	0,	succ
2018-06-16 11:15:03.609  INFO 7448 --- [http-nio-8080-exec-7] c.p.o.m.service.impl.DeviceServiceImpl   : 获取到数据:	0,	succ
2018-06-16 11:15:04.655  INFO 7448 --- [http-nio-8080-exec-6] c.p.o.m.service.impl.DeviceServiceImpl   : 获取到数据:	0,	succ
2018-06-16 11:15:24.407  WARN 7448 --- [http-nio-8080-exec-5] o.s.web.servlet.PageNotFound             : Request method 'GET' not supported
